1 : package io; 
2 :  
3 : import java.io.*; 
4 :  
5 : public class BasicFileOutput { 
6 :     static String file = "src/io/BasicFileOutput.out"; 
7 :  
8 :     public static void main(String[] args) throws IOException { 
9 :         BufferedReader in = new BufferedReader(new StringReader(BufferedInputFile.read("src/io/BasicFileOutput.java"))); 
10 :         PrintWriter out = new PrintWriter(file); 
11 : //        PrintWriter out = new PrintWriter(new BufferedWriter(new FileWriter(file))); 
12 :         int lineCount = 1; 
13 :         String s; 
14 :         while ((s= in.readLine())!=null){ 
15 :             out.println(lineCount++ +" : "+ s); 
16 :         } 
17 :         out.close(); 
18 :         System.out.println(BufferedInputFile.read(file)); 
19 :     } 
20 : } 
